0 info it worked if it ends with ok
1 verbose cli [ '/usr/bin/node',
1 verbose cli   '/usr/bin/npm',
1 verbose cli   'install',
1 verbose cli   'jasmine-node',
1 verbose cli   '-g' ]
2 info using npm@2.15.9
3 info using node@v4.6.1
4 verbose install initial load of /usr/local/lib/package.json
5 verbose readDependencies loading dependencies from /usr/local/lib/package.json
6 silly cache add args [ 'jasmine-node', null ]
7 verbose cache add spec jasmine-node
8 silly cache add parsed spec Result {
8 silly cache add   raw: 'jasmine-node',
8 silly cache add   scope: null,
8 silly cache add   name: 'jasmine-node',
8 silly cache add   rawSpec: '',
8 silly cache add   spec: 'latest',
8 silly cache add   type: 'tag' }
9 silly addNamed jasmine-node@latest
10 verbose addNamed "latest" is being treated as a dist-tag for jasmine-node
11 info addNameTag [ 'jasmine-node', 'latest' ]
12 silly mapToRegistry name jasmine-node
13 silly mapToRegistry using default registry
14 silly mapToRegistry registry https://registry.npmjs.org/
15 silly mapToRegistry data Result {
15 silly mapToRegistry   raw: 'jasmine-node',
15 silly mapToRegistry   scope: null,
15 silly mapToRegistry   name: 'jasmine-node',
15 silly mapToRegistry   rawSpec: '',
15 silly mapToRegistry   spec: 'latest',
15 silly mapToRegistry   type: 'tag' }
16 silly mapToRegistry uri https://registry.npmjs.org/jasmine-node
17 verbose addNameTag registry:https://registry.npmjs.org/jasmine-node not in flight; fetching
18 verbose request uri https://registry.npmjs.org/jasmine-node
19 verbose request no auth needed
20 info attempt registry request try #1 at 09:15:25
21 verbose request id 7dc8023a6157efc7
22 http request GET https://registry.npmjs.org/jasmine-node
23 http 200 https://registry.npmjs.org/jasmine-node
24 verbose headers { server: 'nginx/1.10.1',
24 verbose headers   'content-type': 'application/json',
24 verbose headers   'last-modified': 'Thu, 02 Feb 2017 12:21:29 GMT',
24 verbose headers   etag: 'W/"58932449-1743b"',
24 verbose headers   'content-encoding': 'gzip',
24 verbose headers   'cache-control': 'max-age=300',
24 verbose headers   'content-length': '11108',
24 verbose headers   'accept-ranges': 'bytes',
24 verbose headers   date: 'Fri, 24 Mar 2017 14:15:25 GMT',
24 verbose headers   via: '1.1 varnish',
24 verbose headers   age: '122',
24 verbose headers   connection: 'keep-alive',
24 verbose headers   'x-served-by': 'cache-dfw1832-DFW',
24 verbose headers   'x-cache': 'HIT',
24 verbose headers   'x-cache-hits': '1',
24 verbose headers   'x-timer': 'S1490364925.628974,VS0,VE0',
24 verbose headers   vary: 'Accept-Encoding' }
25 silly get cb [ 200,
25 silly get   { server: 'nginx/1.10.1',
25 silly get     'content-type': 'application/json',
25 silly get     'last-modified': 'Thu, 02 Feb 2017 12:21:29 GMT',
25 silly get     etag: 'W/"58932449-1743b"',
25 silly get     'content-encoding': 'gzip',
25 silly get     'cache-control': 'max-age=300',
25 silly get     'content-length': '11108',
25 silly get     'accept-ranges': 'bytes',
25 silly get     date: 'Fri, 24 Mar 2017 14:15:25 GMT',
25 silly get     via: '1.1 varnish',
25 silly get     age: '122',
25 silly get     connection: 'keep-alive',
25 silly get     'x-served-by': 'cache-dfw1832-DFW',
25 silly get     'x-cache': 'HIT',
25 silly get     'x-cache-hits': '1',
25 silly get     'x-timer': 'S1490364925.628974,VS0,VE0',
25 silly get     vary: 'Accept-Encoding' } ]
26 verbose get saving jasmine-node to /home/micheal.moery2/.npm/registry.npmjs.org/jasmine-node/.cache.json
27 verbose correctMkdir /home/micheal.moery2/.npm correctMkdir not in flight; initializing
28 verbose makeDirectory /home/micheal.moery2/.npm creation not in flight; initializing
29 silly makeDirectory /home/micheal.moery2/.npm uid: 1701 gid: 100
30 silly addNameTag next cb for jasmine-node with tag latest
31 silly addNamed jasmine-node@1.14.5
32 verbose addNamed "1.14.5" is a plain semver version for jasmine-node
33 silly mapToRegistry name jasmine-node
34 silly mapToRegistry using default registry
35 silly mapToRegistry registry https://registry.npmjs.org/
36 silly mapToRegistry data Result {
36 silly mapToRegistry   raw: 'jasmine-node',
36 silly mapToRegistry   scope: null,
36 silly mapToRegistry   name: 'jasmine-node',
36 silly mapToRegistry   rawSpec: '',
36 silly mapToRegistry   spec: 'latest',
36 silly mapToRegistry   type: 'tag' }
37 silly mapToRegistry uri https://registry.npmjs.org/jasmine-node
38 verbose addRemoteTarball https://registry.npmjs.org/jasmine-node/-/jasmine-node-1.14.5.tgz not in flight; adding
39 verbose addRemoteTarball [ 'https://registry.npmjs.org/jasmine-node/-/jasmine-node-1.14.5.tgz',
39 verbose addRemoteTarball   '18e8397b856924ee77003666c3731b5aea50c39d' ]
40 info retry fetch attempt 1 at 09:15:25
41 info attempt registry request try #1 at 09:15:25
42 http fetch GET https://registry.npmjs.org/jasmine-node/-/jasmine-node-1.14.5.tgz
43 http fetch 200 https://registry.npmjs.org/jasmine-node/-/jasmine-node-1.14.5.tgz
44 silly fetchAndShaCheck shasum 18e8397b856924ee77003666c3731b5aea50c39d
45 verbose addTmpTarball /tmp/npm-27904-04a924df/registry.npmjs.org/jasmine-node/-/jasmine-node-1.14.5.tgz not in flight; adding
46 verbose addTmpTarball already have metadata; skipping unpack for jasmine-node@1.14.5
47 verbose correctMkdir /home/micheal.moery2/.npm correctMkdir not in flight; initializing
48 silly cache afterAdd jasmine-node@1.14.5
49 verbose afterAdd /home/micheal.moery2/.npm/jasmine-node/1.14.5/package/package.json not in flight; writing
50 verbose correctMkdir /home/micheal.moery2/.npm correctMkdir not in flight; initializing
51 verbose afterAdd /home/micheal.moery2/.npm/jasmine-node/1.14.5/package/package.json written
52 silly install resolved [ { name: 'jasmine-node',
52 silly install resolved     version: '1.14.5',
52 silly install resolved     description: 'DOM-less simple JavaScript BDD testing framework for Node',
52 silly install resolved     contributors: [ [Object] ],
52 silly install resolved     homepage: 'https://github.com/mhevery/jasmine-node',
52 silly install resolved     repository:
52 silly install resolved      { type: 'git',
52 silly install resolved        url: 'https://github.com/mhevery/jasmine-node.git' },
52 silly install resolved     keywords: [ 'testing', 'bdd' ],
52 silly install resolved     author: { name: 'Misko Hevery', email: 'misko@hevery.com' },
52 silly install resolved     maintainers: [ [Object], [Object] ],
52 silly install resolved     licenses: [ 'MIT' ],
52 silly install resolved     dependencies:
52 silly install resolved      { 'coffee-script': '>=1.0.1',
52 silly install resolved        'jasmine-reporters': '~1.0.0',
52 silly install resolved        'jasmine-growl-reporter': '~0.0.2',
52 silly install resolved        requirejs: '>=0.27.1',
52 silly install resolved        walkdir: '>= 0.0.1',
52 silly install resolved        underscore: '>= 1.3.1',
52 silly install resolved        gaze: '~0.3.2',
52 silly install resolved        mkdirp: '~0.3.5' },
52 silly install resolved     bin: { 'jasmine-node': 'bin/jasmine-node' },
52 silly install resolved     preferGlobal: true,
52 silly install resolved     main: 'lib/jasmine-node',
52 silly install resolved     scripts: { test: 'node lib/jasmine-node/cli.js spec' },
52 silly install resolved     devDependencies: {},
52 silly install resolved     bugs: { url: 'https://github.com/mhevery/jasmine-node/issues' },
52 silly install resolved     _id: 'jasmine-node@1.14.5',
52 silly install resolved     _shasum: '18e8397b856924ee77003666c3731b5aea50c39d',
52 silly install resolved     _from: 'jasmine-node@latest',
52 silly install resolved     _npmVersion: '1.4.9',
52 silly install resolved     _npmUser: { name: 'tebriel', email: 'tebriel@gmail.com' },
52 silly install resolved     dist:
52 silly install resolved      { shasum: '18e8397b856924ee77003666c3731b5aea50c39d',
52 silly install resolved        tarball: 'https://registry.npmjs.org/jasmine-node/-/jasmine-node-1.14.5.tgz' },
52 silly install resolved     directories: {},
52 silly install resolved     _resolved: 'https://registry.npmjs.org/jasmine-node/-/jasmine-node-1.14.5.tgz' } ]
53 info install jasmine-node@1.14.5 into /usr/local/lib
54 info installOne jasmine-node@1.14.5
55 verbose installOne of jasmine-node to /usr/local/lib not in flight; installing
56 verbose correctMkdir /home/micheal.moery2/.npm/_locks correctMkdir not in flight; initializing
57 verbose makeDirectory /home/micheal.moery2/.npm/_locks creation not in flight; initializing
58 silly makeDirectory /home/micheal.moery2/.npm/_locks uid: 1701 gid: 100
59 verbose lock using /home/micheal.moery2/.npm/_locks/jasmine-node-592af5d86773a3f7.lock for /usr/local/lib/node_modules/jasmine-node
60 silly install write writing jasmine-node 1.14.5 to /usr/local/lib/node_modules/jasmine-node
61 verbose unbuild lib/node_modules/jasmine-node
62 silly gentlyRm /usr/local/lib/node_modules/jasmine-node is being purged from base /usr/local
63 verbose gentlyRm don't care about contents; nuking /usr/local/lib/node_modules/jasmine-node
64 verbose tar unpack /home/micheal.moery2/.npm/jasmine-node/1.14.5/package.tgz
65 verbose tar unpacking to /usr/local/lib/node_modules/jasmine-node
66 silly gentlyRm /usr/local/lib/node_modules/jasmine-node is being purged
67 verbose gentlyRm don't care about contents; nuking /usr/local/lib/node_modules/jasmine-node
68 silly gunzTarPerm modes [ '755', '644' ]
69 error tar.unpack untar error /home/micheal.moery2/.npm/jasmine-node/1.14.5/package.tgz
70 verbose unlock done using /home/micheal.moery2/.npm/_locks/jasmine-node-592af5d86773a3f7.lock for /usr/local/lib/node_modules/jasmine-node
71 verbose fstream_path /usr/local/lib/node_modules/jasmine-node
72 verbose fstream_type Directory
73 verbose fstream_class DirWriter
74 verbose stack Error: EACCES: permission denied, mkdir '/usr/local/lib/node_modules'
74 verbose stack     at Error (native)
75 verbose fstream_stack /usr/lib64/node_modules/npm/node_modules/fstream/lib/writer.js:171:25
75 verbose fstream_stack /usr/lib64/node_modules/npm/node_modules/mkdirp/index.js:47:53
75 verbose fstream_stack FSReqWrap.oncomplete (fs.js:82:15)
76 verbose cwd /home/micheal.moery2/exercism/javascript/hello-world
77 error Linux 4.4.49-16-default
78 error argv "/usr/bin/node" "/usr/bin/npm" "install" "jasmine-node" "-g"
79 error node v4.6.1
80 error npm  v2.15.9
81 error path /usr/local/lib/node_modules
82 error code EACCES
83 error errno -13
84 error syscall mkdir
85 error Error: EACCES: permission denied, mkdir '/usr/local/lib/node_modules'
85 error     at Error (native)
85 error  { [Error: EACCES: permission denied, mkdir '/usr/local/lib/node_modules']
85 error   errno: -13,
85 error   code: 'EACCES',
85 error   syscall: 'mkdir',
85 error   path: '/usr/local/lib/node_modules',
85 error   fstream_type: 'Directory',
85 error   fstream_path: '/usr/local/lib/node_modules/jasmine-node',
85 error   fstream_class: 'DirWriter',
85 error   fstream_stack:
85 error    [ '/usr/lib64/node_modules/npm/node_modules/fstream/lib/writer.js:171:25',
85 error      '/usr/lib64/node_modules/npm/node_modules/mkdirp/index.js:47:53',
85 error      'FSReqWrap.oncomplete (fs.js:82:15)' ] }
86 error Please try running this command again as root/Administrator.
87 verbose exit [ -13, true ]
88 verbose unbuild lib/node_modules/jasmine-node
89 silly gentlyRm /usr/local/lib/node_modules/jasmine-node is being purged from base /usr/local
90 verbose gentlyRm don't care about contents; nuking /usr/local/lib/node_modules/jasmine-node
